<?xml version="1.0" encoding="UTF-8"?>
<testsuite xmlns:xsi="http://www.w3.org/2001/XMLSchema-instance" xsi:noNamespaceSchemaLocation="https://maven.apache.org/surefire/maven-surefire-plugin/xsd/surefire-test-report.xsd" name="TestSuite" time="4.942" tests="2" errors="0" skipped="1" failures="1">
  <properties>
    <property name="sun.desktop" value="windows"/>
    <property name="awt.toolkit" value="sun.awt.windows.WToolkit"/>
    <property name="file.encoding.pkg" value="sun.io"/>
    <property name="java.specification.version" value="1.8"/>
    <property name="sun.cpu.isalist" value="amd64"/>
    <property name="sun.jnu.encoding" value="GBK"/>
    <property name="java.class.path" value="D:\study\学习资料\代码\autoTest\Chapter12\target\test-classes;D:\study\学习资料\代码\autoTest\Chapter12\target\classes;C:\Users\19168\.m2\repository\org\apache\httpcomponents\httpclient\4.5.2\httpclient-4.5.2.jar;C:\Users\19168\.m2\repository\org\apache\httpcomponents\httpcore\4.4.4\httpcore-4.4.4.jar;C:\Users\19168\.m2\repository\commons-logging\commons-logging\1.2\commons-logging-1.2.jar;C:\Users\19168\.m2\repository\commons-codec\commons-codec\1.9\commons-codec-1.9.jar;C:\Users\19168\.m2\repository\org\testng\testng\6.10\testng-6.10.jar;C:\Users\19168\.m2\repository\com\beust\jcommander\1.48\jcommander-1.48.jar;C:\Users\19168\.m2\repository\org\json\json\20170516\json-20170516.jar;C:\Users\19168\.m2\repository\org\mybatis\mybatis\3.4.4\mybatis-3.4.4.jar;C:\Users\19168\.m2\repository\mysql\mysql-connector-java\5.1.6\mysql-connector-java-5.1.6.jar;C:\Users\19168\.m2\repository\org\projectlombok\lombok\1.16.14\lombok-1.16.14.jar;C:\Users\19168\.m2\repository\com\relevantcodes\extentreports\2.41.1\extentreports-2.41.1.jar;C:\Users\19168\.m2\repository\org\jsoup\jsoup\1.8.3\jsoup-1.8.3.jar;C:\Users\19168\.m2\repository\org\xerial\sqlite-jdbc\3.8.11.1\sqlite-jdbc-3.8.11.1.jar;C:\Users\19168\.m2\repository\org\freemarker\freemarker\2.3.23\freemarker-2.3.23.jar;C:\Users\19168\.m2\repository\org\mongodb\mongodb-driver\3.0.4\mongodb-driver-3.0.4.jar;C:\Users\19168\.m2\repository\org\mongodb\bson\3.0.4\bson-3.0.4.jar;C:\Users\19168\.m2\repository\org\mongodb\mongodb-driver-core\3.0.4\mongodb-driver-core-3.0.4.jar;C:\Users\19168\.m2\repository\com\vimalselvam\testng-extentsreport\1.3.1\testng-extentsreport-1.3.1.jar;C:\Users\19168\.m2\repository\com\google\guava\guava\20.0\guava-20.0.jar;C:\Users\19168\.m2\repository\com\aventstack\extentreports\3.0.6\extentreports-3.0.6.jar;C:\Users\19168\.m2\repository\org\apache\httpcomponents\httpmime\4.5.2\httpmime-4.5.2.jar;C:\Users\19168\.m2\repository\org\apache\maven\surefire\surefire-testng-utils\2.20.1\surefire-testng-utils-2.20.1.jar;C:\Users\19168\.m2\repository\org\apache\maven\surefire\surefire-grouper\2.20.1\surefire-grouper-2.20.1.jar;"/>
    <property name="java.vm.vendor" value="Oracle Corporation"/>
    <property name="sun.arch.data.model" value="64"/>
    <property name="user.variant" value=""/>
    <property name="java.vendor.url" value="http://java.oracle.com/"/>
    <property name="user.timezone" value="GMT+08:00"/>
    <property name="java.vm.specification.version" value="1.8"/>
    <property name="os.name" value="Windows 8.1"/>
    <property name="user.country" value="CN"/>
    <property name="sun.java.launcher" value="SUN_STANDARD"/>
    <property name="sun.boot.library.path" value="D:\java1.8\bin"/>
    <property name="sun.java.command" value="C:\Users\19168\AppData\Local\Temp\surefire875900561260713044\surefirebooter6084267691771341491.jar C:\Users\19168\AppData\Local\Temp\surefire875900561260713044 2019-06-09T16-09-33_692-jvmRun1 surefire7733313880855080307tmp surefire_08058934614376575387tmp"/>
    <property name="surefire.test.class.path" value="D:\study\学习资料\代码\autoTest\Chapter12\target\test-classes;D:\study\学习资料\代码\autoTest\Chapter12\target\classes;C:\Users\19168\.m2\repository\org\apache\httpcomponents\httpclient\4.5.2\httpclient-4.5.2.jar;C:\Users\19168\.m2\repository\org\apache\httpcomponents\httpcore\4.4.4\httpcore-4.4.4.jar;C:\Users\19168\.m2\repository\commons-logging\commons-logging\1.2\commons-logging-1.2.jar;C:\Users\19168\.m2\repository\commons-codec\commons-codec\1.9\commons-codec-1.9.jar;C:\Users\19168\.m2\repository\org\testng\testng\6.10\testng-6.10.jar;C:\Users\19168\.m2\repository\com\beust\jcommander\1.48\jcommander-1.48.jar;C:\Users\19168\.m2\repository\org\json\json\20170516\json-20170516.jar;C:\Users\19168\.m2\repository\org\mybatis\mybatis\3.4.4\mybatis-3.4.4.jar;C:\Users\19168\.m2\repository\mysql\mysql-connector-java\5.1.6\mysql-connector-java-5.1.6.jar;C:\Users\19168\.m2\repository\org\projectlombok\lombok\1.16.14\lombok-1.16.14.jar;C:\Users\19168\.m2\repository\com\relevantcodes\extentreports\2.41.1\extentreports-2.41.1.jar;C:\Users\19168\.m2\repository\org\jsoup\jsoup\1.8.3\jsoup-1.8.3.jar;C:\Users\19168\.m2\repository\org\xerial\sqlite-jdbc\3.8.11.1\sqlite-jdbc-3.8.11.1.jar;C:\Users\19168\.m2\repository\org\freemarker\freemarker\2.3.23\freemarker-2.3.23.jar;C:\Users\19168\.m2\repository\org\mongodb\mongodb-driver\3.0.4\mongodb-driver-3.0.4.jar;C:\Users\19168\.m2\repository\org\mongodb\bson\3.0.4\bson-3.0.4.jar;C:\Users\19168\.m2\repository\org\mongodb\mongodb-driver-core\3.0.4\mongodb-driver-core-3.0.4.jar;C:\Users\19168\.m2\repository\com\vimalselvam\testng-extentsreport\1.3.1\testng-extentsreport-1.3.1.jar;C:\Users\19168\.m2\repository\com\google\guava\guava\20.0\guava-20.0.jar;C:\Users\19168\.m2\repository\com\aventstack\extentreports\3.0.6\extentreports-3.0.6.jar;C:\Users\19168\.m2\repository\org\apache\httpcomponents\httpmime\4.5.2\httpmime-4.5.2.jar;C:\Users\19168\.m2\repository\org\apache\maven\surefire\surefire-testng-utils\2.20.1\surefire-testng-utils-2.20.1.jar;C:\Users\19168\.m2\repository\org\apache\maven\surefire\surefire-grouper\2.20.1\surefire-grouper-2.20.1.jar;"/>
    <property name="sun.cpu.endian" value="little"/>
    <property name="user.home" value="C:\Users\19168"/>
    <property name="user.language" value="zh"/>
    <property name="java.specification.vendor" value="Oracle Corporation"/>
    <property name="java.home" value="D:\java1.8"/>
    <property name="basedir" value="D:\study\学习资料\代码\autoTest\Chapter12"/>
    <property name="file.separator" value="\"/>
    <property name="line.separator" value="&#10;"/>
    <property name="java.vm.specification.vendor" value="Oracle Corporation"/>
    <property name="java.specification.name" value="Java Platform API Specification"/>
    <property name="java.awt.graphicsenv" value="sun.awt.Win32GraphicsEnvironment"/>
    <property name="surefire.real.class.path" value="C:\Users\19168\AppData\Local\Temp\surefire875900561260713044\surefirebooter6084267691771341491.jar"/>
    <property name="sun.boot.class.path" value="D:\java1.8\lib\resources.jar;D:\java1.8\lib\rt.jar;D:\java1.8\lib\sunrsasign.jar;D:\java1.8\lib\jsse.jar;D:\java1.8\lib\jce.jar;D:\java1.8\lib\charsets.jar;D:\java1.8\lib\jfr.jar;D:\java1.8\classes"/>
    <property name="user.script" value=""/>
    <property name="sun.management.compiler" value="HotSpot 64-Bit Tiered Compilers"/>
    <property name="java.runtime.version" value="1.8.0_31-b13"/>
    <property name="user.name" value="19168"/>
    <property name="path.separator" value=";"/>
    <property name="os.version" value="6.3"/>
    <property name="java.endorsed.dirs" value="D:\java1.8\lib\endorsed"/>
    <property name="java.runtime.name" value="Java(TM) SE Runtime Environment"/>
    <property name="file.encoding" value="GBK"/>
    <property name="java.vm.name" value="Java HotSpot(TM) 64-Bit Server VM"/>
    <property name="localRepository" value="C:\Users\19168\.m2\repository"/>
    <property name="java.vendor.url.bug" value="http://bugreport.sun.com/bugreport/"/>
    <property name="java.io.tmpdir" value="C:\Users\19168\AppData\Local\Temp\"/>
    <property name="java.version" value="1.8.0_31"/>
    <property name="user.dir" value="D:\study\学习资料\代码\autoTest\Chapter12"/>
    <property name="os.arch" value="amd64"/>
    <property name="java.vm.specification.name" value="Java Virtual Machine Specification"/>
    <property name="java.awt.printerjob" value="sun.awt.windows.WPrinterJob"/>
    <property name="sun.os.patch.level" value=""/>
    <property name="java.library.path" value="D:\java1.8\bin;C:\windows\Sun\Java\bin;C:\windows\system32;C:\windows;C:\Users\19168\bin;D:\work\gitbash\Git\mingw64\bin;D:\work\gitbash\Git\usr\local\bin;D:\work\gitbash\Git\usr\bin;D:\work\gitbash\Git\usr\bin;D:\work\gitbash\Git\mingw64\bin;D:\work\gitbash\Git\usr\bin;C:\Users\19168\bin;D:\work\xftp;D:\java1.8\bin;D:\java1.8\jre\bin;C:\Program Files (x86)\Intel\iCLS Client;C:\Program Files\Intel\iCLS Client;C:\windows\system32;C:\windows;C:\windows\System32\Wbem;C:\windows\System32\WindowsPowerShell\v1.0;C:\Program Files (x86)\Intel\Intel(R) Management Engine Components\DAL;C:\Program Files\Intel\Intel(R) Management Engine Components\DAL;C:\Program Files (x86)\Intel\Intel(R) Management Engine Components\IPT;C:\Program Files\Intel\Intel(R) Management Engine Components\IPT;C:\Program Files (x86)\NVIDIA Corporation\PhysX\Common;C:\Program Files\Intel\WiFi\bin;C:\Program Files\Common Files\Intel\WirelessCommon;C:\Program Files\TortoiseSVN\bin;D:\work\git\bin;D:\java\gradle-3.1\bin;D:\study\python;D:\study\python\Scripts;C:\strawberry\c\bin;C:\strawberry\perl\bin;D:\work\gitbash\Git\cmd;D:\study\node;D:\study\python\Scripts;D:\study\python;C:\Users\19168\AppData\Local\atom\bin;C:\Users\19168\AppData\Roaming\npm;D:\work\Fiddler2;D:\Maven\apache-maven-3.6.1\bin;D:\work\gitbash\Git\usr\bin\vendor_perl;D:\work\gitbash\Git\usr\bin\core_perl;."/>
    <property name="java.vm.info" value="mixed mode"/>
    <property name="java.vendor" value="Oracle Corporation"/>
    <property name="java.vm.version" value="25.31-b07"/>
    <property name="java.ext.dirs" value="D:\java1.8\lib\ext;C:\windows\Sun\Java\lib\ext"/>
    <property name="sun.io.unicode.encoding" value="UnicodeLittle"/>
    <property name="java.class.version" value="52.0"/>
  </properties>
  <testcase name="loginTrue" classname="com.course.cases.loginTest" time="2.771">
    <failure message="Connect to localhost:8888 [localhost/127.0.0.1, localhost/0:0:0:0:0:0:0:1] failed: Connection refused: connect" type="org.apache.http.conn.HttpHostConnectException">org.apache.http.conn.HttpHostConnectException: Connect to localhost:8888 [localhost/127.0.0.1, localhost/0:0:0:0:0:0:0:1] failed: Connection refused: connect
	at com.course.cases.loginTest.getResult(loginTest.java:72)
	at com.course.cases.loginTest.loginTrue(loginTest.java:49)
Caused by: java.net.ConnectException: Connection refused: connect
	at com.course.cases.loginTest.getResult(loginTest.java:72)
	at com.course.cases.loginTest.loginTrue(loginTest.java:49)
</failure>
    <system-out><![CDATA[[TestNGContentHandler] [WARN] It is strongly recommended to add "<!DOCTYPE suite SYSTEM "http://testng.org/testng-1.0.dtd" >" at the top of your file, otherwise TestNG may fail or not work as expected.
LoginCase(id=1, userName=zhangsan, password=123456, expected=true)
http://localhost:8888/v1/login
]]></system-out>
  </testcase>
  <testcase name="getUserListInfo" classname="com.course.cases.GetUserInfoListTest" time="0">
    <skipped message="Method GetUserInfoListTest.getUserListInfo()[pri:0, instance:com.course.cases.GetUserInfoListTest@380fb434] depends on not successfully finished methods in group &quot;loginTrue&quot;"/>
  </testcase>
</testsuite>